<?xml version="1.0" encoding="UTF-8"?>
<!-- Generated by org.testng.reporters.JUnitXMLReporter -->
<testsuite ignored="0" hostname="DESKTOP-J07IUT7" failures="1" tests="1" name="fireFoxTest" time="0.006" errors="0" timestamp="2025-08-25T10:15:54 IST">
  <testcase classname="testCases.TC_001RegistrationTest" name="TestRegistartion" time="0.001">
    <failure type="java.lang.AssertionError" message="null">
      <![CDATA[java.lang.AssertionError: null
at testCases.TC_001RegistrationTest.TestRegistartion(TC_001RegistrationTest.java:52)
at java.base/java.util.ArrayList.forEach(ArrayList.java:1596)
... Removed 27 stack frames]]>
    </failure>
  </testcase> <!-- TestRegistartion -->
</testsuite> <!-- fireFoxTest -->
